<?xml version="1.0" encoding="UTF-8"?>
<!-- Generated by org.testng.reporters.JUnitReportReporter -->
<testsuite skipped="0" hostname="DESKTOP-MMCCJ5V" name="SRSproject.SRSproject.LoginTest" tests="4" failures="0" timestamp="2022-05-24T11:09:23 IST" time="185.139" errors="0">
  <testcase name="LoginValidation" time="48.987" classname="SRSproject.SRSproject.LoginTest"/>
  <system-out/>
  <testcase name="LoginFromPLP" time="48.774" classname="SRSproject.SRSproject.LoginTest"/>
  <system-out/>
  <testcase name="LoginFromPDP" time="53.666" classname="SRSproject.SRSproject.LoginTest"/>
  <system-out/>
  <testcase name="UnApprovedLoginValidation" time="33.712" classname="SRSproject.SRSproject.LoginTest"/>
  <system-out/>
</testsuite> <!-- SRSproject.SRSproject.LoginTest -->
